2025-03-20 11:54:02,768 INFO: Petition system startup [in C:\Users\drdks\Desktop\Petition\app.py:51]
2025-03-20 11:54:02,774 WARNING: Using limited NLP capabilities due to missing spaCy model. [in C:\Users\drdks\Desktop\Petition\app.py:61]
2025-03-20 11:54:20,889 INFO: User admin@petition-system.com logged in successfully. [in C:\Users\drdks\Desktop\Petition\app.py:282]
2025-03-20 11:54:34,575 INFO: Found 0 public, verified petitions. [in C:\Users\drdks\Desktop\Petition\app.py:429]
2025-03-20 11:56:04,852 INFO: User abc@mail.com logged in successfully. [in C:\Users\drdks\Desktop\Petition\app.py:282]
2025-03-20 11:56:20,662 INFO: User admin@petition-system.com logged in successfully. [in C:\Users\drdks\Desktop\Petition\app.py:282]
2025-03-20 11:59:47,179 INFO: User admin@petition-system.com logged in successfully. [in C:\Users\drdks\Desktop\Petition\app.py:282]
2025-03-20 12:06:39,739 INFO: User admin@petition-system.com logged in successfully. [in C:\Users\drdks\Desktop\Petition\app.py:282]
2025-03-20 12:07:29,766 INFO: User kkk@gmail.com logged in successfully. [in C:\Users\drdks\Desktop\Petition\app.py:282]
2025-03-20 12:09:07,530 INFO: Petition saved: ID=2, is_public=True, verified=True [in C:\Users\drdks\Desktop\Petition\app.py:342]
2025-03-20 12:09:43,998 ERROR: Error viewing petition 2: 'models.Comment object' has no attribute 'user' [in C:\Users\drdks\Desktop\Petition\app.py:501]
2025-03-20 12:12:19,149 ERROR: Error viewing petition 2: 'models.Comment object' has no attribute 'user' [in C:\Users\drdks\Desktop\Petition\app.py:501]
2025-03-20 12:13:22,035 INFO: User admin@petition-system.com logged in successfully. [in C:\Users\drdks\Desktop\Petition\app.py:282]
2025-03-20 12:13:29,167 ERROR: Error viewing petition 2: 'models.Comment object' has no attribute 'user' [in C:\Users\drdks\Desktop\Petition\app.py:501]
2025-03-20 12:13:33,712 ERROR: Error viewing petition 2: 'models.Comment object' has no attribute 'user' [in C:\Users\drdks\Desktop\Petition\app.py:501]
2025-03-20 12:14:04,465 INFO: Found 1 public, verified petitions. [in C:\Users\drdks\Desktop\Petition\app.py:429]
2025-03-20 12:16:46,856 INFO: User abc@mail.com logged in successfully. [in C:\Users\drdks\Desktop\Petition\app.py:282]
2025-03-20 12:24:13,869 INFO: User kkk@gmail.com logged in successfully. [in C:\Users\drdks\Desktop\Petition\app.py:282]
2025-03-20 12:24:20,904 ERROR: Error viewing petition 2: 'models.Comment object' has no attribute 'user' [in C:\Users\drdks\Desktop\Petition\app.py:501]
2025-03-20 18:53:29,016 INFO: Petition system startup [in c:\Users\drdks\Desktop\Petition\app.py:51]
2025-03-20 18:59:44,082 INFO: Petition system startup [in C:\Users\drdks\Desktop\Petition\app.py:51]
2025-03-20 18:59:45,080 WARNING: Using limited NLP capabilities due to missing spaCy model. [in C:\Users\drdks\Desktop\Petition\app.py:61]
2025-03-20 19:02:37,798 INFO: Petition system startup [in C:\Users\drdks\Desktop\Petition\app.py:51]
2025-03-20 19:02:38,397 WARNING: Using limited NLP capabilities due to missing spaCy model. [in C:\Users\drdks\Desktop\Petition\app.py:61]
2025-03-20 19:15:38,739 INFO: Petition system startup [in C:\Users\drdks\Desktop\Petition\app.py:51]
2025-03-20 19:15:39,396 WARNING: Using limited NLP capabilities due to missing spaCy model. [in C:\Users\drdks\Desktop\Petition\app.py:61]
2025-03-20 19:16:57,014 INFO: User admin@petition-system.com logged in successfully. [in C:\Users\drdks\Desktop\Petition\app.py:282]
2025-03-20 20:40:46,682 INFO: Petition system startup [in C:\Users\drdks\Desktop\Petition\app.py:51]
2025-03-20 20:40:47,323 WARNING: Using limited NLP capabilities due to missing spaCy model. [in C:\Users\drdks\Desktop\Petition\app.py:61]
2025-03-20 20:41:28,648 INFO: User drdksrinath@gmail.com logged in successfully. [in C:\Users\drdks\Desktop\Petition\app.py:282]
2025-03-20 21:40:49,173 INFO: Petition system startup [in C:\Users\drdks\Desktop\Petition\app.py:51]
2025-03-20 21:40:49,173 INFO: Petition system startup [in C:\Users\drdks\Desktop\Petition\app.py:51]
2025-03-20 21:40:50,802 WARNING: Using limited NLP capabilities due to missing spaCy model. [in C:\Users\drdks\Desktop\Petition\app.py:61]
2025-03-20 21:40:50,802 WARNING: Using limited NLP capabilities due to missing spaCy model. [in C:\Users\drdks\Desktop\Petition\app.py:61]
2025-03-20 21:46:38,469 INFO: Petition system startup [in c:\Users\drdks\Desktop\Petition\app.py:51]
2025-03-20 21:51:39,308 INFO: User admin@petition-system.com logged in successfully. [in c:\Users\drdks\Desktop\Petition\app.py:282]
2025-03-20 21:54:16,725 INFO: Petition system startup [in c:\Users\drdks\Desktop\Petition\app.py:51]
2025-03-20 21:54:30,797 INFO: User admin@petition-system.com logged in successfully. [in c:\Users\drdks\Desktop\Petition\app.py:282]
2025-03-20 21:54:33,026 ERROR: Error viewing petition 2: 'models.Comment object' has no attribute 'user' [in c:\Users\drdks\Desktop\Petition\app.py:501]
2025-03-20 21:55:44,582 INFO: Petition system startup [in c:\Users\drdks\Desktop\Petition\app.py:51]
